Init
http://idolmaster.jp/blog/?p=0

2017-04-16 12:46:24 +0900
【アイマス公式ブログ更新情報】【バンプレスト】4月発売のSideMプライズ情報！
http://idolmaster.jp/blog/?p=28819

2017-04-17 12:10:02 +0900
【アイマス公式ブログ更新情報】【本日23:59まで】シンデレラ5thツアー　宮城・石川・大阪公演ライブビューイング先行受付
http://idolmaster.jp/blog/?p=29123

2017-04-17 18:10:02 +0900
【アイマス公式ブログ更新情報】【本日より】SuperGroupiesからSideMコラボバッグ＆長財布が予約開始！
http://idolmaster.jp/blog/?p=28981

2017-04-18 17:10:02 +0900
【アイマス公式ブログ更新情報】
【765 MILLIONSTARS in Taiwan】Live CD Goods Information
http://idolmaster.jp/blog/?p=29128

2017-04-18 22:10:00 +0900
アクセスできませんでした。
http://idolmaster.jp/blog/
http://idolmaster.jp/blog/?p=29128

2017-04-18 22:27:34 +0900
【アイマス公式ブログ更新情報】
【シンデレラ5thツアー】さいたまスーパーアリーナ公演の出演者を発表！
http://idolmaster.jp/blog/?p=29078

2017-04-19 21:10:03 +0900
【アイマス公式ブログ更新情報】
【ハイレゾ】 アイドルマスター ミリオンライブ！ 4/21(金)配信楽曲につきまして
http://idolmaster.jp/blog/?p=29158

2017-04-20 18:10:03 +0900
【アイマス公式ブログ更新情報】
【SideM】描き下ろしSDグッズえふぉるめ「Twilight Railroad Live」登場！
http://idolmaster.jp/blog/?p=29147

2017-04-20 19:05:03 +0900
【アイマス公式ブログ更新情報】
【シンデレラ5thツアー】第1弾「公式物販情報・物販ご注意事項」と「会場ご注意事項」のお知らせ
http://idolmaster.jp/blog/?p=29192

2017-04-21 12:10:03 +0900
【アイマス公式ブログ更新情報】
THE IDOLM@STER 765 MILLIONSTARS First Time in TAIWAN国内ライブビューイング　当日券発売情報
http://idolmaster.jp/blog/?p=29209

2017-04-21 17:10:04 +0900
【アイマス公式ブログ更新情報】
【SideM】新イベント「ORIGIN@L PIECES LIVE in 神戸」開催！「Memories of ORIGIN@L PIECES in神戸」も実施中！
http://idolmaster.jp/blog/?p=29168

2017-04-21 18:10:04 +0900
【アイマス公式ブログ更新情報】
スニッカーズ×シンデレラガールズ「#スニリプ」キャンペーン、第２シーズンがスタート！
http://idolmaster.jp/blog/?p=29238

2017-04-21 20:05:03 +0900
【アイマス公式ブログ更新情報】
～「アイドルマスター」シリーズ×パ・リーグコラボ決定記念～M@STER PRODUCT 春夏コレクション発表会ニコ生実施のお知らせ
http://idolmaster.jp/blog/?p=29278

2017-04-23 21:05:03 +0900
【アイマス公式ブログ更新情報】
【ミリオンライブ】打ち上げスペシャルガシャ！「First Time in TAIWAN開催記念ガシャ」本日3時間限定で開催！
http://idolmaster.jp/blog/?p=29200

2017-04-24 12:10:03 +0900
【アイマス公式ブログ更新情報】
「THE IDOLM@STER 765 MILLIONSTARS First Time in TAIWAN」国内ライブビューイング
http://idolmaster.jp/blog/?p=29215

2017-04-24 13:10:04 +0900
【アイマス公式ブログ更新情報】
ガシャポンに「アイドルマスター シンデレラガールズ カプセルラバーマスコット」が登場！！
http://idolmaster.jp/blog/?p=29300

2017-04-24 23:10:04 +0900
【アイマス公式ブログ更新情報】
「アイドルマスター」シリーズ×パ・リーグコラボ決定記念 M@STER PRODUCT 春夏コレクション発表会ニコ生発表事項まとめ
http://idolmaster.jp/blog/?p=29310

2017-04-25 12:10:03 +0900
【アイマス公式ブログ更新情報】
【シンデレラ5thツアー】第1弾 宮城・石川・大阪公演 機材解放席の特別販売
http://idolmaster.jp/blog/?p=29196

2017-04-25 16:10:03 +0900
【アイマス公式ブログ更新情報】
【SideM】ポス×ポスコレクションにLive.04が登場です！
http://idolmaster.jp/blog/?p=29220

2017-04-25 18:10:03 +0900
【アイマス公式ブログ更新情報】
【SideM GREETING TOUR】名古屋公演 物販情報及び注意事項のお知らせ
http://idolmaster.jp/blog/?p=29308

2017-04-25 19:05:02 +0900
【アイマス公式ブログ更新情報】
シンデレラガールズより、スケールフィギュア［白南風の淑女］高垣 楓 予約開始！
http://idolmaster.jp/blog/?p=29335

2017-04-26 23:10:03 +0900
【アイマス公式ブログ更新情報】
【シンデレラ5thツアー】第一弾ライブビューイング一般発売のご案内
http://idolmaster.jp/blog/?p=29140

2017-04-27 13:10:03 +0900
【アイマス公式ブログ更新情報】
音楽ゲーム「シンクロニカ」でシンデレラガールズの楽曲リスクエストを受付中！
http://idolmaster.jp/blog/?p=29386

2017-04-28 00:10:03 +0900
【アイマス公式ブログ更新情報】
【ハイレゾ】 アイドルマスター ミリオンライブ！ 5/5(金)配信楽曲につきまして
http://idolmaster.jp/blog/?p=29163

2017-04-28 13:10:03 +0900
【アイマス公式ブログ更新情報】
【SideM】アニメイトカフェキャラクターケーキ 第3弾好評発売中！
http://idolmaster.jp/blog/?p=29155

2017-04-28 17:10:03 +0900
【アイマス公式ブログ更新情報】
【ニコ超2017】 アイドルマスター関連イベントまとめ情報！　会場でも、ニコ生でもプロデューサーのみなさまをお待ちしています！
http://idolmaster.jp/blog/?p=29549

2017-04-28 18:10:04 +0900
【アイマス公式ブログ更新情報】
【シンデレラ5thツアー】第1弾　宮城・石川・大阪公演 　各メーカー販売グッズのご紹介
http://idolmaster.jp/blog/?p=29454

2017-04-29 17:30:25 +0900
【アイマス公式ブログ更新情報】
【バンプレストwebラジオ5月配信のお知らせです！】
http://idolmaster.jp/blog/?p=29569

2017-04-29 17:30:25 +0900
【アイマス公式ブログ更新情報】
【ニコ超2017】超理由あってニコ生！～Side Animation～をご覧いただきありがとうございました！
http://idolmaster.jp/blog/?p=29598

2017-04-30 12:10:03 +0900
【アイマス公式ブログ更新情報】
【ニコ超2017】超アイドルマスターステージ ～THREE STARS!!! 紅白対決してみた！～　発表事項まとめ
http://idolmaster.jp/blog/?p=29040

2017-04-30 18:10:04 +0900
【アイマス公式ブログ更新情報】
【SideM】新イベント「アウトドアミュージックフェス 2017」開催中！876TVでは信玄誠司ケーキの「マジパンうさぎ」の作り方を公開！
http://idolmaster.jp/blog/?p=29353

2017-05-01 18:10:12 +0900
【アイマス公式ブログ更新情報】
『アイドルマスター シンデレラガールズ』アクリルキャラプレートぷち第5弾登場！
http://idolmaster.jp/blog/?p=29534

2017-05-01 23:10:04 +0900
【アイマス公式ブログ更新情報】
Anime Expo 2017／Anisong World Matsuriにシンデレラガールズが出演決定！
http://idolmaster.jp/blog/?p=29546

2017-05-02 18:10:04 +0900
【アイマス公式ブログ更新情報】
【ミリシタ】事前登録数20万突破！！事前登録キャンペーン特典の「素敵なキセキ」「Precious Grain」ミュージックビデオ一挙公開！
http://idolmaster.jp/blog/?p=29652

2017-05-02 18:10:05 +0900
【アイマス公式ブログ更新情報】
【シンデレラ5thツアー】宮城・大阪公演 機材開放席及びステージサイド席の特別販売のご案内
http://idolmaster.jp/blog/?p=29644

2017-05-02 19:05:03 +0900
【アイマス公式ブログ更新情報】
【シンデレラ5thツアー】第1弾 宮城・石川・大阪の会場へのアクセス情報の更新のお知らせ
http://idolmaster.jp/blog/?p=29670

2017-05-03 18:10:04 +0900
【アイマス公式ブログ更新情報】
【アイマス台湾公演】公式パンフレット販売開始！！
http://idolmaster.jp/blog/?p=29678
